<?xml version="1.0" encoding="UTF-8"?>
<!-- Generated by org.testng.reporters.JUnitReportReporter -->
<testsuite hostname="LAPTOP-TRL5FLUM" failures="0" tests="1" name="testng_demo.LoginTest" time="14.874" errors="0" timestamp="27 Nov 2021 04:17:36 GMT" skipped="0">
  <testcase classname="testng_demo.LoginTest" name="test1" time="14.874"/>
</testsuite> <!-- testng_demo.LoginTest -->
