<?xml version="1.0" encoding="UTF-8"?>
<!-- Generated by org.testng.reporters.JUnitReportReporter -->
<testsuite hostname="LAPTOP-TRL5FLUM" failures="0" tests="1" name="testng_demo.LoginTest" time="13.199" errors="0" timestamp="28 Nov 2021 03:50:25 GMT" skipped="0">
  <testcase classname="testng_demo.LoginTest" name="test1" time="13.199"/>
</testsuite> <!-- testng_demo.LoginTest -->
