<?xml version="1.0" encoding="UTF-8"?>
<!-- Generated by org.testng.reporters.JUnitReportReporter -->
<testsuite hostname="LAPTOP-TRL5FLUM" failures="0" tests="1" name="testng_demo.LoginTest" time="17.408" errors="0" timestamp="22 Dec 2021 06:48:19 GMT" skipped="0">
  <testcase classname="testng_demo.LoginTest" name="test1" time="17.408"/>
</testsuite> <!-- testng_demo.LoginTest -->
